This file contains any messages produced by compilers while
running configure, to aid debugging if configure makes a mistake.

It was created by LIA_RAL configure 3.0, which was
generated by GNU Autoconf 2.69.  Invocation command line was

  $ ./configure 

## --------- ##
## Platform. ##
## --------- ##

hostname = meow.local
uname -m = x86_64
uname -r = 16.6.0
uname -s = Darwin
uname -v = Darwin Kernel Version 16.6.0: Fri Apr 14 16:21:16 PDT 2017; root:xnu-3789.60.24~6/RELEASE_X86_64

/usr/bin/uname -p = i386
/bin/uname -X     = unknown

/bin/arch              = unknown
/usr/bin/arch -k       = unknown
/usr/convex/getsysinfo = unknown
/usr/bin/hostinfo      = Mach kernel version:
	 Darwin Kernel Version 16.6.0: Fri Apr 14 16:21:16 PDT 2017; root:xnu-3789.60.24~6/RELEASE_X86_64
Kernel configured for up to 4 processors.
2 processors are physically available.
4 processors are logically available.
Processor type: x86_64h (Intel x86-64h Haswell)
Processors active: 0 1 2 3
Primary memory available: 8.00 gigabytes
Default processor set: 355 tasks, 1903 threads, 4 processors
Load average: 3.04, Mach factor: 1.11
/bin/machine           = unknown
/usr/bin/oslevel       = unknown
/bin/universe          = unknown

PATH: /Users/muyingchen/desktop/ENTER/bin
PATH: /Library/Frameworks/Python.framework/Versions/3.6/bin
PATH: /usr/local/bin
PATH: /usr/bin
PATH: /bin
PATH: /usr/sbin
PATH: /sbin
PATH: /Library/TeX/texbin
PATH: /Applications/Wireshark.app/Contents/MacOS


## ----------- ##
## Core tests. ##
## ----------- ##

configure:2323: checking for a BSD-compatible install
configure:2391: result: /usr/bin/install -c
configure:2402: checking whether build environment is sane
configure:2457: result: yes
configure:2495: WARNING: 'missing' script is too old or missing
configure:2608: checking for a thread-safe mkdir -p
configure:2647: result: ./install-sh -c -d
configure:2654: checking for gawk
configure:2684: result: no
configure:2654: checking for mawk
configure:2684: result: no
configure:2654: checking for nawk
configure:2684: result: no
configure:2654: checking for awk
configure:2670: found /usr/bin/awk
configure:2681: result: awk
configure:2692: checking whether make sets $(MAKE)
configure:2714: result: yes
configure:2743: checking whether make supports nested variables
configure:2760: result: yes
configure:2946: checking for g++
configure:2962: found /usr/bin/g++
configure:2973: result: g++
configure:3000: checking for C++ compiler version
configure:3009: g++ --version >&5
Apple LLVM version 8.1.0 (clang-802.0.42)
Target: x86_64-apple-darwin16.6.0
Thread model: posix
InstalledDir: /Applications/Xcode.app/Contents/Developer/Toolchains/XcodeDefault.xctoolchain/usr/bin
Configured with: --prefix=/Applications/Xcode.app/Contents/Developer/usr --with-gxx-include-dir=/Applications/Xcode.app/Contents/Developer/Platforms/MacOSX.platform/Developer/SDKs/MacOSX10.12.sdk/usr/include/c++/4.2.1
configure:3020: $? = 0
configure:3009: g++ -v >&5
Configured with: --prefix=/Applications/Xcode.app/Contents/Developer/usr --with-gxx-include-dir=/Applications/Xcode.app/Contents/Developer/Platforms/MacOSX.platform/Developer/SDKs/MacOSX10.12.sdk/usr/include/c++/4.2.1
Apple LLVM version 8.1.0 (clang-802.0.42)
Target: x86_64-apple-darwin16.6.0
Thread model: posix
InstalledDir: /Applications/Xcode.app/Contents/Developer/Toolchains/XcodeDefault.xctoolchain/usr/bin
configure:3020: $? = 0
configure:3009: g++ -V >&5
clang: error: argument to '-V' is missing (expected 1 value)
clang: error: no input files
configure:3020: $? = 1
configure:3009: g++ -qversion >&5
clang: error: unknown argument: '-qversion'
clang: error: no input files
configure:3020: $? = 1
configure:3040: checking whether the C++ compiler works
configure:3062: g++    conftest.cpp  >&5
configure:3066: $? = 0
configure:3114: result: yes
configure:3117: checking for C++ compiler default output file name
configure:3119: result: a.out
configure:3125: checking for suffix of executables
configure:3132: g++ -o conftest    conftest.cpp  >&5
configure:3136: $? = 0
configure:3158: result: 
configure:3180: checking whether we are cross compiling
configure:3188: g++ -o conftest    conftest.cpp  >&5
configure:3192: $? = 0
configure:3199: ./conftest
configure:3203: $? = 0
configure:3218: result: no
configure:3223: checking for suffix of object files
configure:3245: g++ -c   conftest.cpp >&5
configure:3249: $? = 0
configure:3270: result: o
configure:3274: checking whether we are using the GNU C++ compiler
configure:3293: g++ -c   conftest.cpp >&5
configure:3293: $? = 0
configure:3302: result: yes
configure:3311: checking whether g++ accepts -g
configure:3331: g++ -c -g  conftest.cpp >&5
configure:3331: $? = 0
configure:3372: result: yes
configure:3406: checking for style of include used by make
configure:3434: result: GNU
configure:3460: checking dependency style of g++
configure:3571: result: gcc3
configure:3634: checking for gcc
configure:3650: found /usr/bin/gcc
configure:3661: result: gcc
configure:3890: checking for C compiler version
configure:3899: gcc --version >&5
Apple LLVM version 8.1.0 (clang-802.0.42)
Target: x86_64-apple-darwin16.6.0
Thread model: posix
InstalledDir: /Applications/Xcode.app/Contents/Developer/Toolchains/XcodeDefault.xctoolchain/usr/bin
Configured with: --prefix=/Applications/Xcode.app/Contents/Developer/usr --with-gxx-include-dir=/Applications/Xcode.app/Contents/Developer/Platforms/MacOSX.platform/Developer/SDKs/MacOSX10.12.sdk/usr/include/c++/4.2.1
configure:3910: $? = 0
configure:3899: gcc -v >&5
Configured with: --prefix=/Applications/Xcode.app/Contents/Developer/usr --with-gxx-include-dir=/Applications/Xcode.app/Contents/Developer/Platforms/MacOSX.platform/Developer/SDKs/MacOSX10.12.sdk/usr/include/c++/4.2.1
Apple LLVM version 8.1.0 (clang-802.0.42)
Target: x86_64-apple-darwin16.6.0
Thread model: posix
InstalledDir: /Applications/Xcode.app/Contents/Developer/Toolchains/XcodeDefault.xctoolchain/usr/bin
configure:3910: $? = 0
configure:3899: gcc -V >&5
clang: error: argument to '-V' is missing (expected 1 value)
clang: error: no input files
configure:3910: $? = 1
configure:3899: gcc -qversion >&5
clang: error: unknown argument: '-qversion'
clang: error: no input files
configure:3910: $? = 1
configure:3914: checking whether we are using the GNU C compiler
configure:3933: gcc -c   conftest.c >&5
configure:3933: $? = 0
configure:3942: result: yes
configure:3951: checking whether gcc accepts -g
configure:3971: gcc -c -g  conftest.c >&5
configure:3971: $? = 0
configure:4012: result: yes
configure:4029: checking for gcc option to accept ISO C89
configure:4092: gcc  -c -g -O2  conftest.c >&5
configure:4092: $? = 0
configure:4105: result: none needed
configure:4130: checking whether gcc understands -c and -o together
configure:4152: gcc -c conftest.c -o conftest2.o
configure:4155: $? = 0
configure:4152: gcc -c conftest.c -o conftest2.o
configure:4155: $? = 0
configure:4167: result: yes
configure:4186: checking dependency style of gcc
configure:4297: result: gcc3
configure:4312: checking whether ln -s works
configure:4316: result: yes
configure:4323: checking whether make sets $(MAKE)
configure:4345: result: yes
configure:4397: checking for ranlib
configure:4413: found /usr/bin/ranlib
configure:4424: result: ranlib
configure:4518: checking for /Users/muyingchen/desktop/voice-authentication/alize/LIA_RAL/../alize-core/lib/libalize_Darwin_x86_64.a
configure:4532: result: yes
configure:4539: checking for /Users/muyingchen/desktop/voice-authentication/alize/LIA_RAL/../alize-core/lib/libalize.a
configure:4553: result: no
configure:4592: checking how to run the C preprocessor
configure:4623: gcc -E  conftest.c
configure:4623: $? = 0
configure:4637: gcc -E  conftest.c
conftest.c:11:10: fatal error: 'ac_nonexistent.h' file not found
#include <ac_nonexistent.h>
         ^
1 error generated.
configure:4637: $? = 1
configure: failed program was:
| /* confdefs.h */
| #define PACKAGE_NAME "LIA_RAL"
| #define PACKAGE_TARNAME "lia_ral"
| #define PACKAGE_VERSION "3.0"
| #define PACKAGE_STRING "LIA_RAL 3.0"
| #define PACKAGE_BUGREPORT "dev-alize@listes.univ-avignon.fr"
| #define PACKAGE_URL ""
| #define PACKAGE "lia_ral"
| #define VERSION "3.0"
| /* end confdefs.h.  */
| #include <ac_nonexistent.h>
configure:4662: result: gcc -E
configure:4682: gcc -E  conftest.c
configure:4682: $? = 0
configure:4696: gcc -E  conftest.c
conftest.c:11:10: fatal error: 'ac_nonexistent.h' file not found
#include <ac_nonexistent.h>
         ^
1 error generated.
configure:4696: $? = 1
configure: failed program was:
| /* confdefs.h */
| #define PACKAGE_NAME "LIA_RAL"
| #define PACKAGE_TARNAME "lia_ral"
| #define PACKAGE_VERSION "3.0"
| #define PACKAGE_STRING "LIA_RAL 3.0"
| #define PACKAGE_BUGREPORT "dev-alize@listes.univ-avignon.fr"
| #define PACKAGE_URL ""
| #define PACKAGE "lia_ral"
| #define VERSION "3.0"
| /* end confdefs.h.  */
| #include <ac_nonexistent.h>
configure:4725: checking for grep that handles long lines and -e
configure:4783: result: /usr/bin/grep
configure:4788: checking for egrep
configure:4850: result: /usr/bin/grep -E
configure:4855: checking for ANSI C header files
configure:4875: gcc -c -g -O2  conftest.c >&5
configure:4875: $? = 0
configure:4948: gcc -o conftest -g -O2   conftest.c  >&5
configure:4948: $? = 0
configure:4948: ./conftest
configure:4948: $? = 0
configure:4959: result: yes
configure:4972: checking for sys/types.h
configure:4972: gcc -c -g -O2  conftest.c >&5
configure:4972: $? = 0
configure:4972: result: yes
configure:4972: checking for sys/stat.h
configure:4972: gcc -c -g -O2  conftest.c >&5
configure:4972: $? = 0
configure:4972: result: yes
configure:4972: checking for stdlib.h
configure:4972: gcc -c -g -O2  conftest.c >&5
configure:4972: $? = 0
configure:4972: result: yes
configure:4972: checking for string.h
configure:4972: gcc -c -g -O2  conftest.c >&5
configure:4972: $? = 0
configure:4972: result: yes
configure:4972: checking for memory.h
configure:4972: gcc -c -g -O2  conftest.c >&5
configure:4972: $? = 0
configure:4972: result: yes
configure:4972: checking for strings.h
configure:4972: gcc -c -g -O2  conftest.c >&5
configure:4972: $? = 0
configure:4972: result: yes
configure:4972: checking for inttypes.h
configure:4972: gcc -c -g -O2  conftest.c >&5
configure:4972: $? = 0
configure:4972: result: yes
configure:4972: checking for stdint.h
configure:4972: gcc -c -g -O2  conftest.c >&5
configure:4972: $? = 0
configure:4972: result: yes
configure:4972: checking for unistd.h
configure:4972: gcc -c -g -O2  conftest.c >&5
configure:4972: $? = 0
configure:4972: result: yes
configure:5022: checking for ANSI C header files
configure:5126: result: yes
configure:5137: checking fcntl.h usability
configure:5137: gcc -c -g -O2  conftest.c >&5
configure:5137: $? = 0
configure:5137: result: yes
configure:5137: checking fcntl.h presence
configure:5137: gcc -E  conftest.c
configure:5137: $? = 0
configure:5137: result: yes
configure:5137: checking for fcntl.h
configure:5137: result: yes
configure:5137: checking float.h usability
configure:5137: gcc -c -g -O2  conftest.c >&5
configure:5137: $? = 0
configure:5137: result: yes
configure:5137: checking float.h presence
configure:5137: gcc -E  conftest.c
configure:5137: $? = 0
configure:5137: result: yes
configure:5137: checking for float.h
configure:5137: result: yes
configure:5137: checking netinet/in.h usability
configure:5137: gcc -c -g -O2  conftest.c >&5
configure:5137: $? = 0
configure:5137: result: yes
configure:5137: checking netinet/in.h presence
configure:5137: gcc -E  conftest.c
configure:5137: $? = 0
configure:5137: result: yes
configure:5137: checking for netinet/in.h
configure:5137: result: yes
configure:5137: checking for stdlib.h
configure:5137: result: yes
configure:5137: checking for string.h
configure:5137: result: yes
configure:5137: checking for strings.h
configure:5137: result: yes
configure:5137: checking sys/time.h usability
configure:5137: gcc -c -g -O2  conftest.c >&5
configure:5137: $? = 0
configure:5137: result: yes
configure:5137: checking sys/time.h presence
configure:5137: gcc -E  conftest.c
configure:5137: $? = 0
configure:5137: result: yes
configure:5137: checking for sys/time.h
configure:5137: result: yes
configure:5137: checking for unistd.h
configure:5137: result: yes
configure:5149: checking for stdbool.h that conforms to C99
configure:5216: gcc -c -g -O2  conftest.c >&5
conftest.c:79:24: warning: address of 's' will always evaluate to 'true' [-Wpointer-bool-conversion]
             bool e = &s;
                  ~    ^
conftest.c:83:23: warning: address of array 'a' will always evaluate to 'true' [-Wpointer-bool-conversion]
             return (!a + !b + !c + !d + !e + !f + !g + !h + !i + !!j + !k + !!l
                     ~^
conftest.c:83:28: warning: address of array 'b' will always evaluate to 'true' [-Wpointer-bool-conversion]
             return (!a + !b + !c + !d + !e + !f + !g + !h + !i + !!j + !k + !!l
                          ~^
conftest.c:83:33: warning: address of array 'c' will always evaluate to 'true' [-Wpointer-bool-conversion]
             return (!a + !b + !c + !d + !e + !f + !g + !h + !i + !!j + !k + !!l
                               ~^
conftest.c:83:38: warning: address of array 'd' will always evaluate to 'true' [-Wpointer-bool-conversion]
             return (!a + !b + !c + !d + !e + !f + !g + !h + !i + !!j + !k + !!l
                                    ~^
conftest.c:83:48: warning: address of array 'f' will always evaluate to 'true' [-Wpointer-bool-conversion]
             return (!a + !b + !c + !d + !e + !f + !g + !h + !i + !!j + !k + !!l
                                              ~^
conftest.c:83:53: warning: address of array 'g' will always evaluate to 'true' [-Wpointer-bool-conversion]
             return (!a + !b + !c + !d + !e + !f + !g + !h + !i + !!j + !k + !!l
                                                   ~^
conftest.c:83:58: warning: address of array 'h' will always evaluate to 'true' [-Wpointer-bool-conversion]
             return (!a + !b + !c + !d + !e + !f + !g + !h + !i + !!j + !k + !!l
                                                        ~^
conftest.c:83:63: warning: address of array 'i' will always evaluate to 'true' [-Wpointer-bool-conversion]
             return (!a + !b + !c + !d + !e + !f + !g + !h + !i + !!j + !k + !!l
                                                             ~^
conftest.c:84:30: warning: address of array 'n' will always evaluate to 'true' [-Wpointer-bool-conversion]
                            ~^
conftest.c:84:35: warning: address of array 'o' will always evaluate to 'true' [-Wpointer-bool-conversion]
                                 ~^
conftest.c:84:40: warning: address of array 'p' will always evaluate to 'true' [-Wpointer-bool-conversion]
                                      ~^
12 warnings generated.
configure:5216: $? = 0
configure:5223: result: yes
configure:5225: checking for _Bool
configure:5225: gcc -c -g -O2  conftest.c >&5
configure:5225: $? = 0
configure:5225: gcc -c -g -O2  conftest.c >&5
conftest.c:66:20: error: expected expression
if (sizeof ((_Bool)))
                   ^
1 error generated.
configure:5225: $? = 1
configure: failed program was:
| /* confdefs.h */
| #define PACKAGE_NAME "LIA_RAL"
| #define PACKAGE_TARNAME "lia_ral"
| #define PACKAGE_VERSION "3.0"
| #define PACKAGE_STRING "LIA_RAL 3.0"
| #define PACKAGE_BUGREPORT "dev-alize@listes.univ-avignon.fr"
| #define PACKAGE_URL ""
| #define PACKAGE "lia_ral"
| #define VERSION "3.0"
| #define STDC_HEADERS 1
| #define HAVE_SYS_TYPES_H 1
| #define HAVE_SYS_STAT_H 1
| #define HAVE_STDLIB_H 1
| #define HAVE_STRING_H 1
| #define HAVE_MEMORY_H 1
| #define HAVE_STRINGS_H 1
| #define HAVE_INTTYPES_H 1
| #define HAVE_STDINT_H 1
| #define HAVE_UNISTD_H 1
| #define STDC_HEADERS 1
| #define HAVE_FCNTL_H 1
| #define HAVE_FLOAT_H 1
| #define HAVE_NETINET_IN_H 1
| #define HAVE_STDLIB_H 1
| #define HAVE_STRING_H 1
| #define HAVE_STRINGS_H 1
| #define HAVE_SYS_TIME_H 1
| #define HAVE_UNISTD_H 1
| /* end confdefs.h.  */
| #include <stdio.h>
| #ifdef HAVE_SYS_TYPES_H
| # include <sys/types.h>
| #endif
| #ifdef HAVE_SYS_STAT_H
| # include <sys/stat.h>
| #endif
| #ifdef STDC_HEADERS
| # include <stdlib.h>
| # include <stddef.h>
| #else
| # ifdef HAVE_STDLIB_H
| #  include <stdlib.h>
| # endif
| #endif
| #ifdef HAVE_STRING_H
| # if !defined STDC_HEADERS && defined HAVE_MEMORY_H
| #  include <memory.h>
| # endif
| # include <string.h>
| #endif
| #ifdef HAVE_STRINGS_H
| # include <strings.h>
| #endif
| #ifdef HAVE_INTTYPES_H
| # include <inttypes.h>
| #endif
| #ifdef HAVE_STDINT_H
| # include <stdint.h>
| #endif
| #ifdef HAVE_UNISTD_H
| # include <unistd.h>
| #endif
| int
| main ()
| {
| if (sizeof ((_Bool)))
| 	    return 0;
|   ;
|   return 0;
| }
configure:5225: result: yes
configure:5242: checking for an ANSI C-conforming const
configure:5308: gcc -c -g -O2  conftest.c >&5
configure:5308: $? = 0
configure:5315: result: yes
configure:5323: checking for inline
configure:5339: gcc -c -g -O2  conftest.c >&5
configure:5339: $? = 0
configure:5347: result: inline
configure:5365: checking for working volatile
configure:5384: gcc -c -g -O2  conftest.c >&5
configure:5384: $? = 0
configure:5391: result: yes
configure:5403: checking for stdlib.h
configure:5403: result: yes
configure:5413: checking for GNU libc compatible malloc
configure:5437: gcc -o conftest -g -O2   conftest.c  >&5
configure:5437: $? = 0
configure:5437: ./conftest
configure:5437: $? = 0
configure:5447: result: yes
configure:5470: checking for stdlib.h
configure:5470: result: yes
configure:5480: checking for GNU libc compatible realloc
configure:5504: gcc -o conftest -g -O2   conftest.c  >&5
configure:5504: $? = 0
configure:5504: ./conftest
configure:5504: $? = 0
configure:5514: result: yes
configure:5535: checking whether lstat correctly handles trailing slash
configure:5561: gcc -o conftest -g -O2   conftest.c  >&5
configure:5561: $? = 0
configure:5561: ./conftest
configure:5561: $? = 1
configure: program exited with status 1
configure: failed program was:
| /* confdefs.h */
| #define PACKAGE_NAME "LIA_RAL"
| #define PACKAGE_TARNAME "lia_ral"
| #define PACKAGE_VERSION "3.0"
| #define PACKAGE_STRING "LIA_RAL 3.0"
| #define PACKAGE_BUGREPORT "dev-alize@listes.univ-avignon.fr"
| #define PACKAGE_URL ""
| #define PACKAGE "lia_ral"
| #define VERSION "3.0"
| #define STDC_HEADERS 1
| #define HAVE_SYS_TYPES_H 1
| #define HAVE_SYS_STAT_H 1
| #define HAVE_STDLIB_H 1
| #define HAVE_STRING_H 1
| #define HAVE_MEMORY_H 1
| #define HAVE_STRINGS_H 1
| #define HAVE_INTTYPES_H 1
| #define HAVE_STDINT_H 1
| #define HAVE_UNISTD_H 1
| #define STDC_HEADERS 1
| #define HAVE_FCNTL_H 1
| #define HAVE_FLOAT_H 1
| #define HAVE_NETINET_IN_H 1
| #define HAVE_STDLIB_H 1
| #define HAVE_STRING_H 1
| #define HAVE_STRINGS_H 1
| #define HAVE_SYS_TIME_H 1
| #define HAVE_UNISTD_H 1
| #define HAVE__BOOL 1
| #define HAVE_STDBOOL_H 1
| #define HAVE_STDLIB_H 1
| #define HAVE_MALLOC 1
| #define HAVE_STDLIB_H 1
| #define HAVE_REALLOC 1
| /* end confdefs.h.  */
| #include <stdio.h>
| #ifdef HAVE_SYS_TYPES_H
| # include <sys/types.h>
| #endif
| #ifdef HAVE_SYS_STAT_H
| # include <sys/stat.h>
| #endif
| #ifdef STDC_HEADERS
| # include <stdlib.h>
| # include <stddef.h>
| #else
| # ifdef HAVE_STDLIB_H
| #  include <stdlib.h>
| # endif
| #endif
| #ifdef HAVE_STRING_H
| # if !defined STDC_HEADERS && defined HAVE_MEMORY_H
| #  include <memory.h>
| # endif
| # include <string.h>
| #endif
| #ifdef HAVE_STRINGS_H
| # include <strings.h>
| #endif
| #ifdef HAVE_INTTYPES_H
| # include <inttypes.h>
| #endif
| #ifdef HAVE_STDINT_H
| # include <stdint.h>
| #endif
| #ifdef HAVE_UNISTD_H
| # include <unistd.h>
| #endif
| int
| main ()
| {
| struct stat sbuf;
|      /* Linux will dereference the symlink and fail, as required by POSIX.
| 	That is better in the sense that it means we will not
| 	have to compile and use the lstat wrapper.  */
|      return lstat ("conftest.sym/", &sbuf) == 0;
|   ;
|   return 0;
| }
configure:5578: result: no
configure:5597: checking whether stat accepts an empty string
configure:5617: gcc -o conftest -g -O2   conftest.c  >&5
configure:5617: $? = 0
configure:5617: ./conftest
configure:5617: $? = 0
configure:5627: result: no
configure:5645: checking for vprintf
configure:5645: gcc -o conftest -g -O2   conftest.c  >&5
conftest.c:59:6: warning: incompatible redeclaration of library function 'vprintf' [-Wincompatible-library-redeclaration]
char vprintf ();
     ^
conftest.c:59:6: note: 'vprintf' is a builtin with type 'int (const char *, struct __va_list_tag *)'
1 warning generated.
configure:5645: $? = 0
configure:5645: result: yes
configure:5651: checking for _doprnt
configure:5651: gcc -o conftest -g -O2   conftest.c  >&5
Undefined symbols for architecture x86_64:
  "__doprnt", referenced from:
      _main in conftest-7ad231.o
ld: symbol(s) not found for architecture x86_64
clang: error: linker command failed with exit code 1 (use -v to see invocation)
configure:5651: $? = 1
configure: failed program was:
| /* confdefs.h */
| #define PACKAGE_NAME "LIA_RAL"
| #define PACKAGE_TARNAME "lia_ral"
| #define PACKAGE_VERSION "3.0"
| #define PACKAGE_STRING "LIA_RAL 3.0"
| #define PACKAGE_BUGREPORT "dev-alize@listes.univ-avignon.fr"
| #define PACKAGE_URL ""
| #define PACKAGE "lia_ral"
| #define VERSION "3.0"
| #define STDC_HEADERS 1
| #define HAVE_SYS_TYPES_H 1
| #define HAVE_SYS_STAT_H 1
| #define HAVE_STDLIB_H 1
| #define HAVE_STRING_H 1
| #define HAVE_MEMORY_H 1
| #define HAVE_STRINGS_H 1
| #define HAVE_INTTYPES_H 1
| #define HAVE_STDINT_H 1
| #define HAVE_UNISTD_H 1
| #define STDC_HEADERS 1
| #define HAVE_FCNTL_H 1
| #define HAVE_FLOAT_H 1
| #define HAVE_NETINET_IN_H 1
| #define HAVE_STDLIB_H 1
| #define HAVE_STRING_H 1
| #define HAVE_STRINGS_H 1
| #define HAVE_SYS_TIME_H 1
| #define HAVE_UNISTD_H 1
| #define HAVE__BOOL 1
| #define HAVE_STDBOOL_H 1
| #define HAVE_STDLIB_H 1
| #define HAVE_MALLOC 1
| #define HAVE_STDLIB_H 1
| #define HAVE_REALLOC 1
| #define HAVE_VPRINTF 1
| /* end confdefs.h.  */
| /* Define _doprnt to an innocuous variant, in case <limits.h> declares _doprnt.
|    For example, HP-UX 11i <limits.h> declares gettimeofday.  */
| #define _doprnt innocuous__doprnt
| 
| /* System header to define __stub macros and hopefully few prototypes,
|     which can conflict with char _doprnt (); below.
|     Prefer <limits.h> to <assert.h> if __STDC__ is defined, since
|     <limits.h> exists even on freestanding compilers.  */
| 
| #ifdef __STDC__
| # include <limits.h>
| #else
| # include <assert.h>
| #endif
| 
| #undef _doprnt
| 
| /* Override any GCC internal prototype to avoid an error.
|    Use char because int might match the return type of a GCC
|    builtin and then its argument prototype would still apply.  */
| #ifdef __cplusplus
| extern "C"
| #endif
| char _doprnt ();
| /* The GNU C library defines this for functions which it implements
|     to always fail with ENOSYS.  Some functions are actually named
|     something starting with __ and the normal name is an alias.  */
| #if defined __stub__doprnt || defined __stub____doprnt
| choke me
| #endif
| 
| int
| main ()
| {
| return _doprnt ();
|   ;
|   return 0;
| }
configure:5651: result: no
configure:5665: checking for floor
configure:5665: gcc -o conftest -g -O2   conftest.c  >&5
conftest.c:60:6: warning: incompatible redeclaration of library function 'floor' [-Wincompatible-library-redeclaration]
char floor ();
     ^
conftest.c:60:6: note: 'floor' is a builtin with type 'double (double)'
1 warning generated.
configure:5665: $? = 0
configure:5665: result: yes
configure:5665: checking for memmove
configure:5665: gcc -o conftest -g -O2   conftest.c  >&5
conftest.c:61:6: warning: incompatible redeclaration of library function 'memmove' [-Wincompatible-library-redeclaration]
char memmove ();
     ^
conftest.c:61:6: note: 'memmove' is a builtin with type 'void *(void *, const void *, unsigned long)'
1 warning generated.
configure:5665: $? = 0
configure:5665: result: yes
configure:5665: checking for memset
configure:5665: gcc -o conftest -g -O2   conftest.c  >&5
conftest.c:62:6: warning: incompatible redeclaration of library function 'memset' [-Wincompatible-library-redeclaration]
char memset ();
     ^
conftest.c:62:6: note: 'memset' is a builtin with type 'void *(void *, int, unsigned long)'
1 warning generated.
configure:5665: $? = 0
configure:5665: result: yes
configure:5665: checking for pow
configure:5665: gcc -o conftest -g -O2   conftest.c  >&5
conftest.c:63:6: warning: incompatible redeclaration of library function 'pow' [-Wincompatible-library-redeclaration]
char pow ();
     ^
conftest.c:63:6: note: 'pow' is a builtin with type 'double (double, double)'
1 warning generated.
configure:5665: $? = 0
configure:5665: result: yes
configure:5665: checking for sqrt
configure:5665: gcc -o conftest -g -O2   conftest.c  >&5
conftest.c:64:6: warning: incompatible redeclaration of library function 'sqrt' [-Wincompatible-library-redeclaration]
char sqrt ();
     ^
conftest.c:64:6: note: 'sqrt' is a builtin with type 'double (double)'
1 warning generated.
configure:5665: $? = 0
configure:5665: result: yes
configure:5665: checking for strcasecmp
configure:5665: gcc -o conftest -g -O2   conftest.c  >&5
conftest.c:65:6: warning: incompatible redeclaration of library function 'strcasecmp' [-Wincompatible-library-redeclaration]
char strcasecmp ();
     ^
conftest.c:65:6: note: 'strcasecmp' is a builtin with type 'int (const char *, const char *)'
1 warning generated.
configure:5665: $? = 0
configure:5665: result: yes
configure:5665: checking for strdup
configure:5665: gcc -o conftest -g -O2   conftest.c  >&5
conftest.c:66:6: warning: incompatible redeclaration of library function 'strdup' [-Wincompatible-library-redeclaration]
char strdup ();
     ^
conftest.c:66:6: note: 'strdup' is a builtin with type 'char *(const char *)'
1 warning generated.
configure:5665: $? = 0
configure:5665: result: yes
configure:5827: checking that generated files are newer than configure
configure:5833: result: done
configure:5860: creating ./config.status

## ---------------------- ##
## Running config.status. ##
## ---------------------- ##

This file was extended by LIA_RAL config.status 3.0, which was
generated by GNU Autoconf 2.69.  Invocation command line was

  CONFIG_FILES    = 
  CONFIG_HEADERS  = 
  CONFIG_LINKS    = 
  CONFIG_COMMANDS = 
  $ ./config.status 

on meow.local

config.status:880: creating LIA_SpkTools/Makefile
config.status:880: creating LIA_SpkTools/src/Makefile
config.status:880: creating LIA_SpkDet/Makefile
config.status:880: creating LIA_SpkDet/TrainWorld/Makefile
config.status:880: creating LIA_SpkDet/TrainWorld/src/Makefile
config.status:880: creating LIA_SpkDet/ComputeJFAStats/Makefile
config.status:880: creating LIA_SpkDet/ComputeJFAStats/src/Makefile
config.status:880: creating LIA_SpkDet/ComputeNorm/Makefile
config.status:880: creating LIA_SpkDet/ComputeNorm/src/Makefile
config.status:880: creating LIA_SpkDet/ComputeTest/Makefile
config.status:880: creating LIA_SpkDet/ComputeTest/src/Makefile
config.status:880: creating LIA_SpkDet/CovIntra/Makefile
config.status:880: creating LIA_SpkDet/CovIntra/src/Makefile
config.status:880: creating LIA_SpkDet/CovIntra/src/SVDLIBC/Makefile
config.status:880: creating LIA_SpkDet/EigenChannel/Makefile
config.status:880: creating LIA_SpkDet/EigenChannel/src/Makefile
config.status:880: creating LIA_SpkDet/EigenVoice/Makefile
config.status:880: creating LIA_SpkDet/EigenVoice/src/Makefile
config.status:880: creating LIA_SpkDet/EstimateDMatrix/Makefile
config.status:880: creating LIA_SpkDet/EstimateDMatrix/src/Makefile
config.status:880: creating LIA_SpkDet/EnergyDetector/Makefile
config.status:880: creating LIA_SpkDet/EnergyDetector/src/Makefile
config.status:880: creating LIA_SpkDet/IvExtractor/Makefile
config.status:880: creating LIA_SpkDet/IvExtractor/src/Makefile
config.status:880: creating LIA_SpkDet/IvNorm/Makefile
config.status:880: creating LIA_SpkDet/IvNorm/src/Makefile
config.status:880: creating LIA_SpkDet/IvTest/Makefile
config.status:880: creating LIA_SpkDet/IvTest/src/Makefile
config.status:880: creating LIA_SpkDet/NormFeat/Makefile
config.status:880: creating LIA_SpkDet/NormFeat/src/Makefile
config.status:880: creating LIA_SpkDet/NormFeatWindowMode/Makefile
config.status:880: creating LIA_SpkDet/NormFeatWindowMode/src/Makefile
config.status:880: creating LIA_SpkDet/PLDA/Makefile
config.status:880: creating LIA_SpkDet/PLDA/src/Makefile
config.status:880: creating LIA_SpkDet/RemoteSpkDet/Makefile
config.status:880: creating LIA_SpkDet/RemoteSpkDet/src/Makefile
config.status:880: creating LIA_SpkDet/RemoteSpkDet/Client/Makefile
config.status:880: creating LIA_SpkDet/ShiftedDeltaFeat/Makefile
config.status:880: creating LIA_SpkDet/ShiftedDeltaFeat/src/Makefile
config.status:880: creating LIA_SpkDet/SpkAdapt/Makefile
config.status:880: creating LIA_SpkDet/SpkAdapt/src/Makefile
config.status:880: creating LIA_SpkDet/TotalVariability/Makefile
config.status:880: creating LIA_SpkDet/TotalVariability/src/Makefile
config.status:880: creating LIA_SpkDet/TrainTarget/Makefile
config.status:880: creating LIA_SpkDet/TrainTarget/src/Makefile
config.status:880: creating LIA_Utils/Makefile
config.status:880: creating LIA_Utils/ExtractParams/Makefile
config.status:880: creating LIA_Utils/ExtractParams/src/Makefile
config.status:880: creating LIA_Utils/FusionScore/Makefile
config.status:880: creating LIA_Utils/FusionScore/src/Makefile
config.status:880: creating LIA_Utils/Hist/Makefile
config.status:880: creating LIA_Utils/Hist/src/Makefile
config.status:880: creating LIA_Utils/LabelFusion/Makefile
config.status:880: creating LIA_Utils/LabelFusion/src/Makefile
config.status:880: creating LIA_Utils/NAPSV/Makefile
config.status:880: creating LIA_Utils/NAPSV/src/Makefile
config.status:880: creating LIA_Utils/PolyExp/Makefile
config.status:880: creating LIA_Utils/PolyExp/src/Makefile
config.status:880: creating LIA_Utils/ReadFeatFile/Makefile
config.status:880: creating LIA_Utils/ReadFeatFile/src/Makefile
config.status:880: creating LIA_Utils/ReadModel/Makefile
config.status:880: creating LIA_Utils/ReadModel/src/Makefile
config.status:880: creating LIA_Utils/ScoreWarp/Makefile
config.status:880: creating LIA_Utils/ScoreWarp/src/Makefile
config.status:880: creating LIA_Utils/Scoring/Makefile
config.status:880: creating LIA_Utils/Scoring/src/Makefile
config.status:880: creating LIA_Utils/Svm/Makefile
config.status:880: creating LIA_Utils/Svm/src/Makefile
config.status:880: creating LIA_Utils/TimeCluster/Makefile
config.status:880: creating LIA_Utils/TimeCluster/src/Makefile
config.status:880: creating LIA_Utils/ModelToSv/Makefile
config.status:880: creating LIA_Utils/ModelToSv/src/Makefile
config.status:880: creating LIA_SpkSeg/Makefile
config.status:880: creating LIA_SpkSeg/AcousticSegmentation/Makefile
config.status:880: creating LIA_SpkSeg/AcousticSegmentation/src/Makefile
config.status:880: creating LIA_SpkSeg/ReSegmentation/Makefile
config.status:880: creating LIA_SpkSeg/ReSegmentation/src/Makefile
config.status:880: creating LIA_SpkSeg/Segmentation/Makefile
config.status:880: creating LIA_SpkSeg/Segmentation/src/Makefile
config.status:880: creating LIA_SpkSeg/TurnDetection/Makefile
config.status:880: creating LIA_SpkSeg/TurnDetection/src/Makefile
config.status:880: creating Makefile
config.status:1052: executing depfiles commands
config.status:1052: executing mkdir commands

## ---------------- ##
## Cache variables. ##
## ---------------- ##

ac_cv_c_compiler_gnu=yes
ac_cv_c_const=yes
ac_cv_c_inline=inline
ac_cv_c_volatile=yes
ac_cv_cxx_compiler_gnu=yes
ac_cv_env_CCC_set=
ac_cv_env_CCC_value=
ac_cv_env_CC_set=
ac_cv_env_CC_value=
ac_cv_env_CFLAGS_set=
ac_cv_env_CFLAGS_value=
ac_cv_env_CPPFLAGS_set=
ac_cv_env_CPPFLAGS_value=
ac_cv_env_CPP_set=
ac_cv_env_CPP_value=
ac_cv_env_CXXFLAGS_set=
ac_cv_env_CXXFLAGS_value=
ac_cv_env_CXX_set=
ac_cv_env_CXX_value=
ac_cv_env_LDFLAGS_set=
ac_cv_env_LDFLAGS_value=
ac_cv_env_LIBS_set=
ac_cv_env_LIBS_value=
ac_cv_env_build_alias_set=
ac_cv_env_build_alias_value=
ac_cv_env_host_alias_set=
ac_cv_env_host_alias_value=
ac_cv_env_target_alias_set=
ac_cv_env_target_alias_value=
ac_cv_file__Users_muyingchen_desktop_voice_authentication_alize_LIA_RAL____alize_core_lib_libalize_Darwin_x86_64_a=yes
ac_cv_file__Users_muyingchen_desktop_voice_authentication_alize_LIA_RAL____alize_core_lib_libalize_a=no
ac_cv_func__doprnt=no
ac_cv_func_floor=yes
ac_cv_func_lstat_dereferences_slashed_symlink=no
ac_cv_func_malloc_0_nonnull=yes
ac_cv_func_memmove=yes
ac_cv_func_memset=yes
ac_cv_func_pow=yes
ac_cv_func_realloc_0_nonnull=yes
ac_cv_func_sqrt=yes
ac_cv_func_stat_empty_string_bug=no
ac_cv_func_strcasecmp=yes
ac_cv_func_strdup=yes
ac_cv_func_vprintf=yes
ac_cv_header_fcntl_h=yes
ac_cv_header_float_h=yes
ac_cv_header_inttypes_h=yes
ac_cv_header_memory_h=yes
ac_cv_header_netinet_in_h=yes
ac_cv_header_stdbool_h=yes
ac_cv_header_stdc=yes
ac_cv_header_stdint_h=yes
ac_cv_header_stdlib_h=yes
ac_cv_header_string_h=yes
ac_cv_header_strings_h=yes
ac_cv_header_sys_stat_h=yes
ac_cv_header_sys_time_h=yes
ac_cv_header_sys_types_h=yes
ac_cv_header_unistd_h=yes
ac_cv_objext=o
ac_cv_path_EGREP='/usr/bin/grep -E'
ac_cv_path_GREP=/usr/bin/grep
ac_cv_path_install='/usr/bin/install -c'
ac_cv_prog_AWK=awk
ac_cv_prog_CPP='gcc -E'
ac_cv_prog_ac_ct_CC=gcc
ac_cv_prog_ac_ct_CXX=g++
ac_cv_prog_ac_ct_RANLIB=ranlib
ac_cv_prog_cc_c89=
ac_cv_prog_cc_g=yes
ac_cv_prog_cxx_g=yes
ac_cv_prog_make_make_set=yes
ac_cv_type__Bool=yes
am_cv_CC_dependencies_compiler_type=gcc3
am_cv_CXX_dependencies_compiler_type=gcc3
am_cv_make_support_nested_variables=yes
am_cv_prog_cc_c_o=yes

## ----------------- ##
## Output variables. ##
## ----------------- ##

ACLOCAL='aclocal-1.15'
ALIZE_PATH='/Users/muyingchen/desktop/voice-authentication/alize/LIA_RAL/../alize-core'
AMDEPBACKSLASH='\'
AMDEP_FALSE='#'
AMDEP_TRUE=''
AMTAR='$${TAR-tar}'
AM_BACKSLASH='\'
AM_DEFAULT_V='$(AM_DEFAULT_VERBOSITY)'
AM_DEFAULT_VERBOSITY='1'
AM_V='$(V)'
ARCH='x86_64'
AUTOCONF='autoconf'
AUTOHEADER='autoheader'
AUTOMAKE='automake-1.15'
AWK='awk'
CC='gcc'
CCDEPMODE='depmode=gcc3'
CFLAGS='-g -O2'
CPP='gcc -E'
CPPFLAGS=''
CXX='g++'
CXXDEPMODE='depmode=gcc3'
CXXFLAGS='-O3 -ffast-math'
CYGPATH_W='echo'
DEBUG=''
DEFS='-DPACKAGE_NAME=\"LIA_RAL\" -DPACKAGE_TARNAME=\"lia_ral\" -DPACKAGE_VERSION=\"3.0\" -DPACKAGE_STRING=\"LIA_RAL\ 3.0\" -DPACKAGE_BUGREPORT=\"dev-alize@listes.univ-avignon.fr\" -DPACKAGE_URL=\"\" -DPACKAGE=\"lia_ral\" -DVERSION=\"3.0\" -DSTDC_HEADERS=1 -DHAVE_SYS_TYPES_H=1 -DHAVE_SYS_STAT_H=1 -DHAVE_STDLIB_H=1 -DHAVE_STRING_H=1 -DHAVE_MEMORY_H=1 -DHAVE_STRINGS_H=1 -DHAVE_INTTYPES_H=1 -DHAVE_STDINT_H=1 -DHAVE_UNISTD_H=1 -DSTDC_HEADERS=1 -DHAVE_FCNTL_H=1 -DHAVE_FLOAT_H=1 -DHAVE_NETINET_IN_H=1 -DHAVE_STDLIB_H=1 -DHAVE_STRING_H=1 -DHAVE_STRINGS_H=1 -DHAVE_SYS_TIME_H=1 -DHAVE_UNISTD_H=1 -DHAVE__BOOL=1 -DHAVE_STDBOOL_H=1 -DHAVE_STDLIB_H=1 -DHAVE_MALLOC=1 -DHAVE_STDLIB_H=1 -DHAVE_REALLOC=1 -DHAVE_VPRINTF=1 -DHAVE_FLOOR=1 -DHAVE_MEMMOVE=1 -DHAVE_MEMSET=1 -DHAVE_POW=1 -DHAVE_SQRT=1 -DHAVE_STRCASECMP=1 -DHAVE_STRDUP=1'
DEPDIR='.deps'
ECHO_C='\c'
ECHO_N=''
ECHO_T=''
EGREP='/usr/bin/grep -E'
EXEEXT=''
GREP='/usr/bin/grep'
INSTALL_DATA='${INSTALL} -m 644'
INSTALL_PROGRAM='${INSTALL}'
INSTALL_SCRIPT='${INSTALL}'
INSTALL_STRIP_PROGRAM='$(install_sh) -c -s'
LAPACK_PATH='/Users/muyingchen/desktop/voice-authentication/alize/LIA_RAL/../lapack'
LDFLAGS=''
LIBLAPACK=''
LIBOBJS=' ${LIBOBJDIR}lstat$U.o'
LIBS=''
LIBSPRO=''
LIBTHREAD=''
LN_S='ln -s'
LTLIBOBJS=' ${LIBOBJDIR}lstat$U.lo'
MAKEINFO='makeinfo'
MKDIR_P='./install-sh -c -d'
OBJEXT='o'
OS='Darwin'
PACKAGE='lia_ral'
PACKAGE_BUGREPORT='dev-alize@listes.univ-avignon.fr'
PACKAGE_NAME='LIA_RAL'
PACKAGE_STRING='LIA_RAL 3.0'
PACKAGE_TARNAME='lia_ral'
PACKAGE_URL=''
PACKAGE_VERSION='3.0'
PATH_SEPARATOR=':'
RANLIB='ranlib'
SET_MAKE=''
SHELL='/bin/sh'
SPRO_INCLUDE_PATH=''
SPRO_LIB_PATH=''
STRIP=''
VERSION='3.0'
ac_ct_CC='gcc'
ac_ct_CXX='g++'
am__EXEEXT_FALSE=''
am__EXEEXT_TRUE='#'
am__fastdepCC_FALSE='#'
am__fastdepCC_TRUE=''
am__fastdepCXX_FALSE='#'
am__fastdepCXX_TRUE=''
am__include='include'
am__isrc=''
am__leading_dot='.'
am__nodep='_no'
am__quote=''
am__tar='$${TAR-tar} chof - "$$tardir"'
am__untar='$${TAR-tar} xf -'
bindir='${exec_prefix}/bin'
build_alias=''
datadir='${datarootdir}'
datarootdir='${prefix}/share'
docdir='${datarootdir}/doc/${PACKAGE_TARNAME}'
dvidir='${docdir}'
exec_prefix='${prefix}'
host_alias=''
htmldir='${docdir}'
includedir='${prefix}/include'
infodir='${datarootdir}/info'
install_sh='${SHELL} /Users/muyingchen/desktop/voice-authentication/alize/LIA_RAL/install-sh'
lib_alize='-lalize_Darwin_x86_64'
libdir='${exec_prefix}/lib'
libexecdir='${exec_prefix}/libexec'
localedir='${datarootdir}/locale'
localstatedir='${prefix}/var'
mandir='${datarootdir}/man'
mkdir_p='$(MKDIR_P)'
oldincludedir='/usr/include'
pdfdir='${docdir}'
prefix='/usr/local'
program_transform_name='s,x,x,'
psdir='${docdir}'
sbindir='${exec_prefix}/sbin'
sharedstatedir='${prefix}/com'
sysconfdir='${prefix}/etc'
target_alias=''

## ----------- ##
## confdefs.h. ##
## ----------- ##

/* confdefs.h */
#define PACKAGE_NAME "LIA_RAL"
#define PACKAGE_TARNAME "lia_ral"
#define PACKAGE_VERSION "3.0"
#define PACKAGE_STRING "LIA_RAL 3.0"
#define PACKAGE_BUGREPORT "dev-alize@listes.univ-avignon.fr"
#define PACKAGE_URL ""
#define PACKAGE "lia_ral"
#define VERSION "3.0"
#define STDC_HEADERS 1
#define HAVE_SYS_TYPES_H 1
#define HAVE_SYS_STAT_H 1
#define HAVE_STDLIB_H 1
#define HAVE_STRING_H 1
#define HAVE_MEMORY_H 1
#define HAVE_STRINGS_H 1
#define HAVE_INTTYPES_H 1
#define HAVE_STDINT_H 1
#define HAVE_UNISTD_H 1
#define STDC_HEADERS 1
#define HAVE_FCNTL_H 1
#define HAVE_FLOAT_H 1
#define HAVE_NETINET_IN_H 1
#define HAVE_STDLIB_H 1
#define HAVE_STRING_H 1
#define HAVE_STRINGS_H 1
#define HAVE_SYS_TIME_H 1
#define HAVE_UNISTD_H 1
#define HAVE__BOOL 1
#define HAVE_STDBOOL_H 1
#define HAVE_STDLIB_H 1
#define HAVE_MALLOC 1
#define HAVE_STDLIB_H 1
#define HAVE_REALLOC 1
#define HAVE_VPRINTF 1
#define HAVE_FLOOR 1
#define HAVE_MEMMOVE 1
#define HAVE_MEMSET 1
#define HAVE_POW 1
#define HAVE_SQRT 1
#define HAVE_STRCASECMP 1
#define HAVE_STRDUP 1

configure: exit 0
